This is XeTeX, Version 3.141592653-2.6-0.999993 (MiKTeX 21.6) (preloaded format=xelatex 2021.7.13)  14 JUL 2021 23:45
entering extended mode
**./GeometryPOSNII.tex
(GeometryPOSNII.tex
LaTeX2e <2021-06-01> patch level 1
L3 programming layer <2021-06-18>
(C:\Users\Win10\AppData\Local\Programs\MiKTeX 2.9\tex/latex/base\article.cls
Document Class: article 2021/02/12 v1.4n Standard LaTeX document class
(C:\Users\Win10\AppData\Local\Programs\MiKTeX 2.9\tex/latex/base\size12.clo
File: size12.clo 2021/02/12 v1.4n Standard LaTeX file (size option)
)
\c@part=\count178
\c@section=\count179
\c@subsection=\count180
\c@subsubsection=\count181
\c@paragraph=\count182
\c@subparagraph=\count183
\c@figure=\count184
\c@table=\count185
\abovecaptionskip=\skip47
\belowcaptionskip=\skip48
\bibindent=\dimen138
)
(C:\Users\Win10\AppData\Local\Programs\MiKTeX 2.9\tex/latex/fontspec\fontspec.s
ty
(C:\Users\Win10\AppData\Local\Programs\MiKTeX 2.9\tex/latex/l3packages/xparse\x
parse.sty
(C:\Users\Win10\AppData\Local\Programs\MiKTeX 2.9\tex/latex/l3kernel\expl3.sty
Package: expl3 2021-06-18 L3 programming layer (loader) 

(C:\Program Files\MiKTeX\tex/latex/l3backend\l3backend-xetex.def
File: l3backend-xetex.def 2021-05-07 L3 backend support: XeTeX
 ()
\c__kernel_sys_dvipdfmx_version_int=\count186
\l__color_backend_stack_int=\count187
\g__color_backend_stack_int=\count188
\g__graphics_track_int=\count189
\l__pdf_internal_box=\box50
\g__pdf_backend_object_int=\count190
\g__pdf_backend_annotation_int=\count191
\g__pdf_backend_link_int=\count192
))
Package: xparse 2021-06-18 L3 Experimental document command parser
)
Package: fontspec 2020/02/21 v2.7i Font selection for XeLaTeX and LuaLaTeX

(C:\Users\Win10\AppData\Local\Programs\MiKTeX 2.9\tex/latex/fontspec\fontspec-x
etex.sty
Package: fontspec-xetex 2020/02/21 v2.7i Font selection for XeLaTeX and LuaLaTe
X
\l__fontspec_script_int=\count193
\l__fontspec_language_int=\count194
\l__fontspec_strnum_int=\count195
\l__fontspec_tmp_int=\count196
\l__fontspec_tmpa_int=\count197
\l__fontspec_tmpb_int=\count198
\l__fontspec_tmpc_int=\count199
\l__fontspec_em_int=\count266
\l__fontspec_emdef_int=\count267
\l__fontspec_strong_int=\count268
\l__fontspec_strongdef_int=\count269
\l__fontspec_tmpa_dim=\dimen139
\l__fontspec_tmpb_dim=\dimen140
\l__fontspec_tmpc_dim=\dimen141

(C:\Users\Win10\AppData\Local\Programs\MiKTeX 2.9\tex/latex/base\fontenc.sty
Package: fontenc 2021/04/29 v2.0v Standard LaTeX package
)
(C:\Users\Win10\AppData\Local\Programs\MiKTeX 2.9\tex/latex/fontspec\fontspec.c
fg))) (C:\Program Files\MiKTeX\tex/latex/siunitx\siunitx.sty
Package: siunitx 2021-07-06 v3.0.19 A comprehensive (SI) units package
\l__siunitx_angle_tmp_dim=\dimen142
\l__siunitx_angle_marker_box=\box51
\l__siunitx_angle_unit_box=\box52
\l__siunitx_compound_count_int=\count270

(C:\Program Files\MiKTeX\tex/latex/translations\translations.sty
Package: translations 2021/01/17 v1.10a internationalization of LaTeX2e package
s (CN)

(C:\Program Files\MiKTeX\tex/latex/etoolbox\etoolbox.sty
Package: etoolbox 2020/10/05 v2.5k e-TeX tools for LaTeX (JAW)
\etb@tempcnta=\count271
)
(C:\Program Files\MiKTeX\tex/generic/pdftexcmds\pdftexcmds.sty
Package: pdftexcmds 2020-06-27 v0.33 Utility functions of pdfTeX for LuaTeX (HO
)

(C:\Program Files\MiKTeX\tex/generic/infwarerr\infwarerr.sty
Package: infwarerr 2019/12/03 v1.5 Providing info/warning/error messages (HO)
)
(C:\Program Files\MiKTeX\tex/generic/iftex\iftex.sty
Package: iftex 2020/03/06 v1.0d TeX engine tests
)
(C:\Program Files\MiKTeX\tex/generic/ltxcmds\ltxcmds.sty
Package: ltxcmds 2020-05-10 v1.25 LaTeX kernel commands for general use (HO)
)
Package pdftexcmds Info: \pdf@primitive is available.
Package pdftexcmds Info: \pdf@ifprimitive is available.
Package pdftexcmds Info: \pdfdraftmode not found.
))
\l__siunitx_number_exponent_fixed_int=\count272
\l__siunitx_number_min_decimal_int=\count273
\l__siunitx_number_min_integer_int=\count274
\l__siunitx_number_round_precision_int=\count275
\l__siunitx_number_group_minimum_int=\count276

(C:\Program Files\MiKTeX\tex/latex/amsmath\amstext.sty
Package: amstext 2000/06/29 v2.01 AMS text

(C:\Program Files\MiKTeX\tex/latex/amsmath\amsgen.sty
File: amsgen.sty 1999/11/30 v2.0 generic functions
\@emptytoks=\toks16
\ex@=\dimen143
))
(C:\Users\Win10\AppData\Local\Programs\MiKTeX 2.9\tex/latex/graphics\color.sty
Package: color 2020/02/24 v1.2b Standard LaTeX Color (DPC)

(C:\Users\Win10\AppData\Local\Programs\MiKTeX 2.9\tex/latex/graphics-cfg\color.
cfg
File: color.cfg 2016/01/02 v1.6 sample color configuration
)
Package color Info: Driver file: xetex.def on input line 149.

(C:\Users\Win10\AppData\Local\Programs\MiKTeX 2.9\tex/latex/graphics-def\xetex.
def
File: xetex.def 2021/03/18 v5.0k Graphics/color driver for xetex
))
\l__siunitx_table_tmp_box=\box53
\l__siunitx_table_tmp_dim=\dimen144
\l__siunitx_table_column_width_dim=\dimen145
\l__siunitx_table_integer_box=\box54
\l__siunitx_table_decimal_box=\box55
\l__siunitx_table_before_box=\box56
\l__siunitx_table_after_box=\box57
\l__siunitx_table_before_dim=\dimen146
\l__siunitx_table_carry_dim=\dimen147
\l__siunitx_unit_tmp_int=\count277
\l__siunitx_unit_position_int=\count278
\l__siunitx_unit_total_int=\count279

(C:\Users\Win10\AppData\Local\Programs\MiKTeX 2.9\tex/latex/l3packages/l3keys2e
\l3keys2e.sty
Package: l3keys2e 2021-06-18 LaTeX2e option processing using LaTeX3 keys
)
(C:\Users\Win10\AppData\Local\Programs\MiKTeX 2.9\tex/latex/tools\array.sty
Package: array 2018/12/30 v2.4k Tabular extension package (FMi)
\col@sep=\dimen148
\ar@mcellbox=\box58
\extrarowheight=\dimen149
\NC@list=\toks17
\extratabsurround=\skip49
\backup@length=\skip50
\ar@cellbox=\box59
))

Package fontspec Info: Font family 'THSarabunPSK(0)' created for font 'TH
(fontspec)             SarabunPSK' with options [Ligatures=TeX,Scale=1.4].
(fontspec)              
(fontspec)              This font family consists of the following NFSS
(fontspec)             series/shapes:
(fontspec)              
(fontspec)             - 'normal' (m/n) with NFSS spec.: <->s*[1.4]"TH
(fontspec)             SarabunPSK/OT:script=latn;language=dflt;mapping=tex-text
;"
(fontspec)             - 'small caps'  (m/sc) with NFSS spec.: 
(fontspec)             - 'bold' (b/n) with NFSS spec.: <->s*[1.4]"TH
(fontspec)             SarabunPSK/B/OT:script=latn;language=dflt;mapping=tex-te
xt;"
(fontspec)             - 'bold small caps'  (b/sc) with NFSS spec.: 
(fontspec)             - 'italic' (m/it) with NFSS spec.: <->s*[1.4]"TH
(fontspec)             SarabunPSK/I/OT:script=latn;language=dflt;mapping=tex-te
xt;"
(fontspec)             - 'italic small caps'  (m/scit) with NFSS spec.: 
(fontspec)             - 'bold italic' (b/it) with NFSS spec.: <->s*[1.4]"TH
(fontspec)             SarabunPSK/BI/OT:script=latn;language=dflt;mapping=tex-t
ext;"
(fontspec)             - 'bold italic small caps'  (b/scit) with NFSS spec.: 

LaTeX Font Info:    Font shape `TU/THSarabunPSK(0)/m/n' will be
(Font)              scaled to size 16.79993pt on input line 5.

(C:\Program Files\MiKTeX\tex/latex/fancyhdr\fancyhdr.sty
Package: fancyhdr 2021/01/28 v4.0.1 Extensive control of page headers and foote
rs
\f@nch@headwidth=\skip51
\f@nch@O@elh=\skip52
\f@nch@O@erh=\skip53
\f@nch@O@olh=\skip54
\f@nch@O@orh=\skip55
\f@nch@O@elf=\skip56
\f@nch@O@erf=\skip57
\f@nch@O@olf=\skip58
\f@nch@O@orf=\skip59
)
(C:\Program Files\MiKTeX\tex/latex/amsmath\amsmath.sty
Package: amsmath 2021/04/20 v2.17j AMS math features
\@mathmargin=\skip60

For additional information on amsmath, use the `?' option.
(C:\Program Files\MiKTeX\tex/latex/amsmath\amsbsy.sty
Package: amsbsy 1999/11/29 v1.2d Bold Symbols
\pmbraise@=\dimen150
)
(C:\Program Files\MiKTeX\tex/latex/amsmath\amsopn.sty
Package: amsopn 2016/03/08 v2.02 operator names
)
\inf@bad=\count280
LaTeX Info: Redefining \frac on input line 234.
\uproot@=\count281
\leftroot@=\count282
LaTeX Info: Redefining \overline on input line 399.
\classnum@=\count283
\DOTSCASE@=\count284
LaTeX Info: Redefining \ldots on input line 496.
LaTeX Info: Redefining \dots on input line 499.
LaTeX Info: Redefining \cdots on input line 620.
\Mathstrutbox@=\box60
\strutbox@=\box61
\big@size=\dimen151
LaTeX Font Info:    Redeclaring font encoding OML on input line 743.
LaTeX Font Info:    Redeclaring font encoding OMS on input line 744.
\macc@depth=\count285
\c@MaxMatrixCols=\count286
\dotsspace@=\muskip16
\c@parentequation=\count287
\dspbrk@lvl=\count288
\tag@help=\toks18
\row@=\count289
\column@=\count290
\maxfields@=\count291
\andhelp@=\toks19
\eqnshift@=\dimen152
\alignsep@=\dimen153
\tagshift@=\dimen154
\tagwidth@=\dimen155
\totwidth@=\dimen156
\lineht@=\dimen157
\@envbody=\toks20
\multlinegap=\skip61
\multlinetaggap=\skip62
\mathdisplay@stack=\toks21
LaTeX Info: Redefining \[ on input line 2923.
LaTeX Info: Redefining \] on input line 2924.
)
(C:\Users\Win10\AppData\Local\Programs\MiKTeX 2.9\tex/latex/amscls\amsthm.sty
Package: amsthm 2020/05/29 v2.20.6
\thm@style=\toks22
\thm@bodyfont=\toks23
\thm@headfont=\toks24
\thm@notefont=\toks25
\thm@headpunct=\toks26
\thm@preskip=\skip63
\thm@postskip=\skip64
\thm@headsep=\skip65
\dth@everypar=\toks27
)
(C:\Program Files\MiKTeX\tex/latex/amsfonts\amssymb.sty
Package: amssymb 2013/01/14 v3.01 AMS font symbols

(C:\Program Files\MiKTeX\tex/latex/amsfonts\amsfonts.sty
Package: amsfonts 2013/01/14 v3.01 Basic AMSFonts support
\symAMSa=\mathgroup4
\symAMSb=\mathgroup5
LaTeX Font Info:    Redeclaring math symbol \hbar on input line 98.
LaTeX Font Info:    Overwriting math alphabet `\mathfrak' in version `bold'
(Font)                  U/euf/m/n --> U/euf/b/n on input line 106.
))
(C:\Users\Win10\AppData\Local\Programs\MiKTeX 2.9\tex/latex/graphics\graphicx.s
ty
Package: graphicx 2020/12/05 v1.2c Enhanced LaTeX Graphics (DPC,SPQR)

(C:\Users\Win10\AppData\Local\Programs\MiKTeX 2.9\tex/latex/graphics\keyval.sty
Package: keyval 2014/10/28 v1.15 key=value parser (DPC)
\KV@toks@=\toks28
)
(C:\Users\Win10\AppData\Local\Programs\MiKTeX 2.9\tex/latex/graphics\graphics.s
ty
Package: graphics 2021/03/04 v1.4d Standard LaTeX Graphics (DPC,SPQR)

(C:\Users\Win10\AppData\Local\Programs\MiKTeX 2.9\tex/latex/graphics\trig.sty
Package: trig 2016/01/03 v1.10 sin cos tan (DPC)
)
(C:\Users\Win10\AppData\Local\Programs\MiKTeX 2.9\tex/latex/graphics-cfg\graphi
cs.cfg
File: graphics.cfg 2016/06/04 v1.11 sample graphics configuration
)
Package graphics Info: Driver file: xetex.def on input line 107.
)
\Gin@req@height=\dimen158
\Gin@req@width=\dimen159
)
\c@problem=\count292
Package translations Info: No language package found. I am going to use `englis
h' as default language. on input line 12.
 (GeometryPOSNII.aux)
\openout1 = `GeometryPOSNII.aux'.

LaTeX Font Info:    Checking defaults for OML/cmm/m/it on input line 12.
LaTeX Font Info:    ... okay on input line 12.
LaTeX Font Info:    Checking defaults for OMS/cmsy/m/n on input line 12.
LaTeX Font Info:    ... okay on input line 12.
LaTeX Font Info:    Checking defaults for OT1/cmr/m/n on input line 12.
LaTeX Font Info:    ... okay on input line 12.
LaTeX Font Info:    Checking defaults for T1/cmr/m/n on input line 12.
LaTeX Font Info:    ... okay on input line 12.
LaTeX Font Info:    Checking defaults for TS1/cmr/m/n on input line 12.
LaTeX Font Info:    Trying to load font information for TS1+cmr on input line 1
2.

(C:\Users\Win10\AppData\Local\Programs\MiKTeX 2.9\tex/latex/base\ts1cmr.fd
File: ts1cmr.fd 2019/12/16 v2.5j Standard LaTeX font definitions
)
LaTeX Font Info:    ... okay on input line 12.
LaTeX Font Info:    Checking defaults for TU/lmr/m/n on input line 12.
LaTeX Font Info:    ... okay on input line 12.
LaTeX Font Info:    Checking defaults for OMX/cmex/m/n on input line 12.
LaTeX Font Info:    ... okay on input line 12.
LaTeX Font Info:    Checking defaults for U/cmr/m/n on input line 12.
LaTeX Font Info:    ... okay on input line 12.

Package fontspec Info: Adjusting the maths setup (use [no-math] to avoid
(fontspec)             this).

\symlegacymaths=\mathgroup6
LaTeX Font Info:    Overwriting symbol font `legacymaths' in version `bold'
(Font)                  OT1/cmr/m/n --> OT1/cmr/bx/n on input line 12.
LaTeX Font Info:    Redeclaring math accent \acute on input line 12.
LaTeX Font Info:    Redeclaring math accent \grave on input line 12.
LaTeX Font Info:    Redeclaring math accent \ddot on input line 12.
LaTeX Font Info:    Redeclaring math accent \tilde on input line 12.
LaTeX Font Info:    Redeclaring math accent \bar on input line 12.
LaTeX Font Info:    Redeclaring math accent \breve on input line 12.
LaTeX Font Info:    Redeclaring math accent \check on input line 12.
LaTeX Font Info:    Redeclaring math accent \hat on input line 12.
LaTeX Font Info:    Redeclaring math accent \dot on input line 12.
LaTeX Font Info:    Redeclaring math accent \mathring on input line 12.
LaTeX Font Info:    Redeclaring math symbol \Gamma on input line 12.
LaTeX Font Info:    Redeclaring math symbol \Delta on input line 12.
LaTeX Font Info:    Redeclaring math symbol \Theta on input line 12.
LaTeX Font Info:    Redeclaring math symbol \Lambda on input line 12.
LaTeX Font Info:    Redeclaring math symbol \Xi on input line 12.
LaTeX Font Info:    Redeclaring math symbol \Pi on input line 12.
LaTeX Font Info:    Redeclaring math symbol \Sigma on input line 12.
LaTeX Font Info:    Redeclaring math symbol \Upsilon on input line 12.
LaTeX Font Info:    Redeclaring math symbol \Phi on input line 12.
LaTeX Font Info:    Redeclaring math symbol \Psi on input line 12.
LaTeX Font Info:    Redeclaring math symbol \Omega on input line 12.
LaTeX Font Info:    Redeclaring math symbol \mathdollar on input line 12.
LaTeX Font Info:    Redeclaring symbol font `operators' on input line 12.
LaTeX Font Info:    Encoding `OT1' has changed to `TU' for symbol font
(Font)              `operators' in the math version `normal' on input line 12.
LaTeX Font Info:    Overwriting symbol font `operators' in version `normal'
(Font)                  OT1/cmr/m/n --> TU/THSarabunPSK(0)/m/n on input line 12
.
LaTeX Font Info:    Encoding `OT1' has changed to `TU' for symbol font
(Font)              `operators' in the math version `bold' on input line 12.
LaTeX Font Info:    Overwriting symbol font `operators' in version `bold'
(Font)                  OT1/cmr/bx/n --> TU/THSarabunPSK(0)/m/n on input line 1
2.
LaTeX Font Info:    Overwriting symbol font `operators' in version `normal'
(Font)                  TU/THSarabunPSK(0)/m/n --> TU/THSarabunPSK(0)/m/n on in
put line 12.
LaTeX Font Info:    Overwriting math alphabet `\mathit' in version `normal'
(Font)                  OT1/cmr/m/it --> TU/THSarabunPSK(0)/m/it on input line 
12.
LaTeX Font Info:    Overwriting math alphabet `\mathbf' in version `normal'
(Font)                  OT1/cmr/bx/n --> TU/THSarabunPSK(0)/b/n on input line 1
2.
LaTeX Font Info:    Overwriting math alphabet `\mathsf' in version `normal'
(Font)                  OT1/cmss/m/n --> TU/lmss/m/n on input line 12.
LaTeX Font Info:    Overwriting math alphabet `\mathtt' in version `normal'
(Font)                  OT1/cmtt/m/n --> TU/lmtt/m/n on input line 12.
LaTeX Font Info:    Overwriting symbol font `operators' in version `bold'
(Font)                  TU/THSarabunPSK(0)/m/n --> TU/THSarabunPSK(0)/b/n on in
put line 12.
LaTeX Font Info:    Overwriting math alphabet `\mathit' in version `bold'
(Font)                  OT1/cmr/bx/it --> TU/THSarabunPSK(0)/b/it on input line
 12.
LaTeX Font Info:    Overwriting math alphabet `\mathsf' in version `bold'
(Font)                  OT1/cmss/bx/n --> TU/lmss/b/n on input line 12.
LaTeX Font Info:    Overwriting math alphabet `\mathtt' in version `bold'
(Font)                  OT1/cmtt/m/n --> TU/lmtt/b/n on input line 12.

(C:\Program Files\MiKTeX\tex/latex/translations/dicts\translations-basic-dictio
nary-english.trsl
File: translations-basic-dictionary-english.trsl (english translation file `tra
nslations-basic-dictionary')
)
Package translations Info: loading dictionary `translations-basic-dictionary' f
or `english'. on input line 12.
LaTeX Font Info:    Font shape `TU/THSarabunPSK(0)/m/n' will be
(Font)              scaled to size 29.03587pt on input line 14.
LaTeX Font Info:    Font shape `TU/THSarabunPSK(0)/b/n' will be
(Font)              scaled to size 29.03587pt on input line 14.
LaTeX Font Info:    Font shape `TU/THSarabunPSK(0)/m/n' will be
(Font)              scaled to size 20.1599pt on input line 14.
LaTeX Font Info:    Font shape `TU/THSarabunPSK(0)/m/n' will be
(Font)              scaled to size 13.99994pt on input line 14.
LaTeX Font Info:    Font shape `TU/THSarabunPSK(0)/m/n' will be
(Font)              scaled to size 9.79996pt on input line 14.
LaTeX Font Info:    Trying to load font information for U+msa on input line 14.

 (C:\Program Files\MiKTeX\tex/latex/amsfonts\umsa.fd
File: umsa.fd 2013/01/14 v3.01 AMS symbols A
)
LaTeX Font Info:    Trying to load font information for U+msb on input line 14.


(C:\Program Files\MiKTeX\tex/latex/amsfonts\umsb.fd
File: umsb.fd 2013/01/14 v3.01 AMS symbols B
)
LaTeX Font Info:    Font shape `TU/THSarabunPSK(0)/m/n' will be
(Font)              scaled to size 24.19188pt on input line 15.
LaTeX Font Info:    Font shape `TU/THSarabunPSK(0)/b/n' will be
(Font)              scaled to size 24.19188pt on input line 15.
LaTeX Font Info:    Font shape `TU/THSarabunPSK(0)/m/it' will be
(Font)              scaled to size 16.79993pt on input line 17.
LaTeX Font Info:    Font shape `TU/THSarabunPSK(0)/b/n' will be
(Font)              scaled to size 16.79993pt on input line 18.
LaTeX Font Info:    Font shape `TU/THSarabunPSK(0)/m/n' will be
(Font)              scaled to size 11.19995pt on input line 18.
LaTeX Font Info:    Font shape `TU/THSarabunPSK(0)/m/n' will be
(Font)              scaled to size 8.39996pt on input line 18.

Overfull \hbox (0.65233pt too wide) in paragraph at lines 22--23
[]\TU/THSarabunPSK(0)/m/n/12 WLOG สมมติ $\U/msa/m/n/12 \\OML/cmm/m/it/12 A; \U/
msa/m/n/12 \\OML/cmm/m/it/12 B$ \TU/THSarabunPSK(0)/m/n/12 เป็นมุมเเหลมโดย $\U/
msa/m/n/12 \\OML/cmm/m/it/12 A \OMS/cmsy/m/n/12 ^^U \U/msa/m/n/12 \\OML/cmm/m/i
t/12 B$ \TU/THSarabunPSK(0)/m/n/12 เพื่อลดกรณีในการเเก้สมการ 
 []


Overfull \hbox (8.37909pt too wide) in paragraph at lines 36--37
[]\TU/THSarabunPSK(0)/m/n/12 ถ้าสังเกตเเละจัดรูปสมการที่โจทย์หนดจะพบว่าถ้าสมการ
ข้างต้นตรงกับ law
 []


Underfull \hbox (badness 10000) in paragraph at lines 36--37

 []

[1

]
LaTeX Font Info:    Font shape `TU/THSarabunPSK(0)/m/sl' in size <12> not avail
able
(Font)              Font shape `TU/THSarabunPSK(0)/m/it' tried instead on input
 line 72.
LaTeX Font Info:    Font shape `TU/THSarabunPSK(0)/m/it' will be
(Font)              scaled to size 16.79993pt on input line 72.


Package fancyhdr Warning: \headheight is too small (12.0pt): 
(fancyhdr)                Make it at least 14.49998pt, for example:
(fancyhdr)                \setlength{\headheight}{14.49998pt}.
(fancyhdr)                You might also make \topmargin smaller to compensate:

(fancyhdr)                \addtolength{\topmargin}{-2.49998pt}.

[2]
Overfull \hbox (57.02475pt too wide) in paragraph at lines 75--76
[]\TU/THSarabunPSK(0)/b/n/12 Problem 1.5. []\TU/THSarabunPSK(0)/m/it/12 ให้ $\O
MS/cmsy/m/n/12 4[]$ \TU/THSarabunPSK(0)/m/it/12 เป็นสามเหลี่ยมด้านเท่า เเละ $\O
ML/cmm/m/it/12 G$ \TU/THSarabunPSK(0)/m/it/12 เป็นจุดศูนย์กลางของวงกลมเเนบในของ
มัน
 []


Overfull \hbox (75.56674pt too wide) in paragraph at lines 80--81
[]\TU/THSarabunPSK(0)/m/n/12 กำหนดให้วงกลม $\OML/cmm/m/it/12 G$ \TU/THSarabunPS
K(0)/m/n/12 รัศมี $\OML/cmm/m/it/12 r$ \TU/THSarabunPSK(0)/m/n/12 สัมผัส $\OML/
cmm/m/it/12 AB; AC$ \TU/THSarabunPSK(0)/m/n/12 ที่ $\OML/cmm/m/it/12 L; M$ \TU/
THSarabunPSK(0)/m/n/12 ตามลำดับ เเละ ความยาวด้านของสามเหลี่ยมคือ
 []


Overfull \hbox (61.12231pt too wide) in paragraph at lines 94--95
[]\TU/THSarabunPSK(0)/m/n/12 ข้อนี้สังเกตได้ว่ามีรูปคล้ายกับทฤษฎี Menelaus เราต
้องการหา $[]$ ซึ่งสามารถหาได้จาก
 []


Overfull \hbox (55.60478pt too wide) in paragraph at lines 94--95
\TU/THSarabunPSK(0)/m/n/12 Menelaus $\OMS/cmsy/m/n/12 4[]$ \TU/THSarabunPSK(0)/
m/n/12 เเละ จุด $\OML/cmm/m/it/12 C; E; A$ \TU/THSarabunPSK(0)/m/n/12 เเต่ปัญหา
คือเราไม่รู้อัตราส่วน $[]\OML/cmm/m/it/12 ; []$ \TU/THSarabunPSK(0)/m/n/12 ดังน
ั้นเป้าหมายเราคือหา 
 []


Overfull \hbox (26.19833pt too wide) in paragraph at lines 96--97
[]\TU/THSarabunPSK(0)/m/n/12 กำหนดให้ $\OML/cmm/m/it/12 d$ \TU/THSarabunPSK(0)/
m/n/12 คือความยาวด้านของสามเหลี่ยมนี้ เเละ $\OML/cmm/m/it/12 H$ \TU/THSarabunPS
K(0)/m/n/12 เป็นจุดเกิดจากลากเส้นตั้งฉากจาก
 []


Package fancyhdr Warning: \headheight is too small (12.0pt): 
(fancyhdr)                Make it at least 14.49998pt, for example:
(fancyhdr)                \setlength{\headheight}{14.49998pt}.
(fancyhdr)                You might also make \topmargin smaller to compensate:

(fancyhdr)                \addtolength{\topmargin}{-2.49998pt}.

[3]
Overfull \hbox (35.6206pt too wide) in paragraph at lines 105--106
[]\TU/THSarabunPSK(0)/b/n/12 Problem 1.7. []\TU/THSarabunPSK(0)/m/it/12 ถ้ามี $
\OMS/cmsy/m/n/12 4[]$ \TU/THSarabunPSK(0)/m/it/12 ซึ่ง $\OML/cmm/m/it/12 c[] \O
T1/cmr/m/n/12 = 4\OML/cmm/m/it/12 ab [] [] [] []$ \TU/THSarabunPSK(0)/m/it/12 เ
เล้ว สามเหลี่ยมนี้เป็นสามเหลี่ยมหน้าจั่ว 
 []


Overfull \hbox (340.59764pt too wide) in paragraph at lines 108--109
[]\TU/THSarabunPSK(0)/m/n/12 ข้อนี้สังเกตได้ว่าสมการที่โจทย์ให้มามีลักษณะคล้ายก
ับ law of cosine เเต่หลังจากทำไประยะหนึ่งจะพบว่าไม่ได้อะไรจากสมการเลยเราจึงเปลี
่ยนวิธีโดยใช้
 []


Overfull \hbox (1.09453pt too wide) in paragraph at lines 119--120
[]\TU/THSarabunPSK(0)/b/n/12 Problem 1.8. []\TU/THSarabunPSK(0)/m/it/12 สี่เหลี
่ยมจตุรัส $\OML/cmm/m/it/12 ABMN; BCKL; ACPQ$ \TU/THSarabunPSK(0)/m/it/12 ถูกสร
้างบนด้านนอก $\OMS/cmsy/m/n/12 4[]$
 []


Overfull \hbox (25.83807pt too wide) in paragraph at lines 119--120
\TU/THSarabunPSK(0)/m/it/12 ผลต่างระหว่างพื้นที่ของ $\U/msa/m/n/12 ^^C[]$ \TU/T
HSarabunPSK(0)/m/it/12 เเละ $\U/msa/m/n/12 ^^C[]$ \TU/THSarabunPSK(0)/m/it/12 ค
ือ $\OML/cmm/m/it/12 d$ \TU/THSarabunPSK(0)/m/it/12 หาผลต่างความยาวด้านกำลังสอง
ของ
 []


Overfull \hbox (102.42508pt too wide) in paragraph at lines 122--123
[]\TU/THSarabunPSK(0)/m/n/12 จากข้อมูลของโจทย์สังเกตได้ไม่ยากว่าใช้ law of cosi
ne เพราะเกี่ยวข้อกับความยาวด้านกำลังสอง 
 []


Overfull \hbox (14.2606pt too wide) in paragraph at lines 133--134
[]\TU/THSarabunPSK(0)/b/n/12 Problem 1.9. []\TU/THSarabunPSK(0)/m/it/12 วงกลมเเ
นบในของ $\OMS/cmsy/m/n/12 4[]$ \TU/THSarabunPSK(0)/m/it/12 สัมผัส $\OML/cmm/m/i
t/12 BC$ \TU/THSarabunPSK(0)/m/it/12 ที่จุด $\OML/cmm/m/it/12 D$ \TU/THSarabunP
SK(0)/m/it/12 เเละวงกลมเเนบนอกตรงข้าม
 []


Package fancyhdr Warning: \headheight is too small (12.0pt): 
(fancyhdr)                Make it at least 14.49998pt, for example:
(fancyhdr)                \setlength{\headheight}{14.49998pt}.
(fancyhdr)                You might also make \topmargin smaller to compensate:

(fancyhdr)                \addtolength{\topmargin}{-2.49998pt}.

[4]
Overfull \hbox (33.22307pt too wide) in paragraph at lines 159--160
[]\TU/THSarabunPSK(0)/b/n/12 Problem 1.11. []\TU/THSarabunPSK(0)/m/it/12 กำหนด 
$\OMS/cmsy/m/n/12 4[]$ \TU/THSarabunPSK(0)/m/it/12 โดยที่ จุด $\OML/cmm/m/it/12
 H$ \TU/THSarabunPSK(0)/m/it/12 เป็นจุด orthocenter เเละ $\OML/cmm/m/it/12 M$ \
TU/THSarabunPSK(0)/m/it/12 เป็นจุดกึ่งกลางด้าน
 []


Overfull \hbox (64.31773pt too wide) in paragraph at lines 159--160
\OML/cmm/m/it/12 AC$ \TU/THSarabunPSK(0)/m/it/12 ให้ $\OML/cmm/m/it/12 l$ \TU/T
HSarabunPSK(0)/m/it/12 เป็นเส้นตรงผ่านจุด $\OML/cmm/m/it/12 M$ \TU/THSarabunPSK
(0)/m/it/12 เเละขนานกับเส้นเเบ่งครึ่ง $\U/msa/m/n/12 \[]$ \TU/THSarabunPSK(0)/m
/it/12 จงเเสดงว่า $\OML/cmm/m/it/12 l$ \TU/THSarabunPSK(0)/m/it/12 เเบ่งสามเหลี
่ยมออกเป็น
 []


Overfull \hbox (18.7386pt too wide) in paragraph at lines 162--163
[]\TU/THSarabunPSK(0)/m/n/12 ข้อนี้สังเกตได้ว่ามุมที่เกิดจากเส้นเหล่านั้นสามารถ
เขียนได้ในรูป $\U/msa/m/n/12 \\OML/cmm/m/it/12 A; \U/msa/m/n/12 \\OML/cmm/m/it/
12 B; \U/msa/m/n/12 \\OML/cmm/m/it/12 C$
 []


Overfull \hbox (29.14478pt too wide) in paragraph at lines 168--169
[]$[] [] \OT1/cmr/m/n/12 = []\OML/cmm/m/it/12 ; []ab [] C \OT1/cmr/m/n/12 = [\O
ML/cmm/m/it/12 ABC\OT1/cmr/m/n/12 ]$ \TU/THSarabunPSK(0)/m/n/12 เเละ $\OML/cmm/
m/it/12 r \OT1/cmr/m/n/12 = []$ \TU/THSarabunPSK(0)/m/n/12 โดย $\OML/cmm/m/it/1
2 r$ \TU/THSarabunPSK(0)/m/n/12 คือรัศมีของวงกลมเเนบใน
 []


Package fancyhdr Warning: \headheight is too small (12.0pt): 
(fancyhdr)                Make it at least 14.49998pt, for example:
(fancyhdr)                \setlength{\headheight}{14.49998pt}.
(fancyhdr)                You might also make \topmargin smaller to compensate:

(fancyhdr)                \addtolength{\topmargin}{-2.49998pt}.

[5]
Overfull \hbox (3.41548pt too wide) in paragraph at lines 178--179
[]\TU/THSarabunPSK(0)/b/n/12 Problem 2.1. []\TU/THSarabunPSK(0)/m/it/12 ให้ $\O
ML/cmm/m/it/12 D$ \TU/THSarabunPSK(0)/m/it/12 เป็นจุดบนด้าน $\OML/cmm/m/it/12 A
C$ \TU/THSarabunPSK(0)/m/it/12 ของสามเหลี่ยมมุมฉาก $\OML/cmm/m/it/12 ABC$ \TU/T
HSarabunPSK(0)/m/it/12 ($\U/msa/m/n/12 \\OML/cmm/m/it/12 B \OT1/cmr/m/n/12 = 90
[]$\TU/THSarabunPSK(0)/m/it/12 )โดยที่
 []


Overfull \hbox (28.20282pt too wide) in paragraph at lines 186--188
[]\TU/THSarabunPSK(0)/b/n/12 Problem 2.2. []\TU/THSarabunPSK(0)/m/it/12 ให้ $\O
ML/cmm/m/it/12 A[]; B[]; C[]$ \TU/THSarabunPSK(0)/m/it/12 บนจุดบนด้าน $\OML/cmm
/m/it/12 BC; CA$ \TU/THSarabunPSK(0)/m/it/12 เเละ $\OML/cmm/m/it/12 AB$ \TU/THS
arabunPSK(0)/m/it/12 ของ $\OMS/cmsy/m/n/12 4[]$ \TU/THSarabunPSK(0)/m/it/12 ส่ว
นของเส้นตรง
 []


Overfull \hbox (2.42699pt too wide) in paragraph at lines 186--188
\OML/cmm/m/it/12 AA[]; BB[]; CC[]$ \TU/THSarabunPSK(0)/m/it/12 ตัดกันที่จุดหนึ่
ง เส้นตรง $\OML/cmm/m/it/12 A[]B[]$ \TU/THSarabunPSK(0)/m/it/12 เเละ $\OML/cmm/
m/it/12 A[]C[]$ \TU/THSarabunPSK(0)/m/it/12 พบเส้นตรงที่ผ่านจุด $\OML/cmm/m/it/
12 A$ \TU/THSarabunPSK(0)/m/it/12 ขนาน
 []


Overfull \hbox (88.31314pt too wide) in paragraph at lines 190--191
[]\TU/THSarabunPSK(0)/m/n/12 จากรูปจะสังเกตได้ว่ามีสามเหลี่ยมที่ลักษณะคล้ายกับท
ทฤษฎีบท Ceva เเละมีสามเหลี่ยมคล้าย
 []


Overfull \hbox (4.36832pt too wide) in paragraph at lines 198--199
[]\TU/THSarabunPSK(0)/b/n/12 Problem 2.3. []\TU/THSarabunPSK(0)/m/it/12 ให้ $\O
ML/cmm/m/it/12 A[]$ \TU/THSarabunPSK(0)/m/it/12 เป็นจุดบนส่วนของเส้นตรง $\OML/c
mm/m/it/12 BC$ \TU/THSarabunPSK(0)/m/it/12 ของ $\OMS/cmsy/m/n/12 4[]$ \TU/THSar
abunPSK(0)/m/it/12 เส้นเเบ่งครึ่งมุมภายใน
 []


Overfull \hbox (0.53648pt too wide) in paragraph at lines 198--199
\U/msa/m/n/12 \[]$ \TU/THSarabunPSK(0)/m/it/12 เเละ $\U/msa/m/n/12 \[]$ \TU/THS
arabunPSK(0)/m/it/12 ตัด $\OML/cmm/m/it/12 AB$ \TU/THSarabunPSK(0)/m/it/12 เเละ
 $\OML/cmm/m/it/12 CA$ \TU/THSarabunPSK(0)/m/it/12 ที่จุด $\OML/cmm/m/it/12 D$ 
\TU/THSarabunPSK(0)/m/it/12 เเละ $\OML/cmm/m/it/12 E$ \TU/THSarabunPSK(0)/m/it/
12 ตามลำดับ จงเเสดงว่า $\OML/cmm/m/it/12 AA[]; BE$
 []


Package fancyhdr Warning: \headheight is too small (12.0pt): 
(fancyhdr)                Make it at least 14.49998pt, for example:
(fancyhdr)                \setlength{\headheight}{14.49998pt}.
(fancyhdr)                You might also make \topmargin smaller to compensate:

(fancyhdr)                \addtolength{\topmargin}{-2.49998pt}.

[6]
Overfull \hbox (29.92332pt too wide) in paragraph at lines 213--214
[]\TU/THSarabunPSK(0)/m/n/12 ข้อนี้สังเกตได้ไม่ยากว่าน่าจะต้องใช้ Menelaus, สูต
รเเบ่งครึ่งมุม เเละ ความคล้าย
 []


Overfull \hbox (2.01526pt too wide) in paragraph at lines 226--227
\TU/THSarabunPSK(0)/m/it/12 เส้นตรงผ่าน $\OML/cmm/m/it/12 B$ \TU/THSarabunPSK(0
)/m/it/12 เเละจุดศูนย์กลางของวงกลมล้อมรอบ $\OMS/cmsy/m/n/12 4[]$ \TU/THSarabunP
SK(0)/m/it/12 เเละ เส้นตรงผ่าน $\OML/cmm/m/it/12 C$ \TU/THSarabunPSK(0)/m/it/12
 เเละจุด
 []


Overfull \hbox (50.96083pt too wide) in paragraph at lines 230--231
[]\TU/THSarabunPSK(0)/m/n/12 ข้อนี้เห็นได้ชัดว่าใช้ทฤษฎีบท Ceva version ตรีโกณโ
ดยให้มุมติดในรูป $\U/msa/m/n/12 \\OML/cmm/m/it/12 A; \U/msa/m/n/12 \\OML/cmm/m/
it/12 B; \U/msa/m/n/12 \\OML/cmm/m/it/12 C$
 []


Overfull \hbox (42.22134pt too wide) in paragraph at lines 234--235
[]\TU/THSarabunPSK(0)/b/n/12 Problem 2.6. []\TU/THSarabunPSK(0)/m/it/12 ในวงกลม
 $\OML/cmm/m/it/12 C$ \TU/THSarabunPSK(0)/m/it/12 มี $\OML/cmm/m/it/12 O$ \TU/T
HSarabunPSK(0)/m/it/12 เป็นจุดศูนย์กลางรัศมี $\OML/cmm/m/it/12 r$ \TU/THSarabun
PSK(0)/m/it/12 ให้ $\OML/cmm/m/it/12 C[]; C[]$ \TU/THSarabunPSK(0)/m/it/12 เป็น
วงกลมซึ่งมีจุดศูนย์กลางคือ
 []


Overfull \hbox (95.57071pt too wide) in paragraph at lines 249--250
[]\TU/THSarabunPSK(0)/m/n/12 ดูได้ไม่ยากในรูปสามารถใช้ Menelaus ได้ 2 รูปเเต่เร
าควรใช้รูปที่มีด้านที่โจทย์ต้องกาให้มากที่สุด 
 []


Package fancyhdr Warning: \headheight is too small (12.0pt): 
(fancyhdr)                Make it at least 14.49998pt, for example:
(fancyhdr)                \setlength{\headheight}{14.49998pt}.
(fancyhdr)                You might also make \topmargin smaller to compensate:

(fancyhdr)                \addtolength{\topmargin}{-2.49998pt}.

[7]
Overfull \hbox (3.1793pt too wide) in paragraph at lines 258--259
[]\TU/THSarabunPSK(0)/b/n/12 Problem 2.8. []\TU/THSarabunPSK(0)/m/it/12 ในสี่เห
ลี่ยมด้านขนาน $\OML/cmm/m/it/12 ABCD$ \TU/THSarabunPSK(0)/m/it/12 ซึ่ง $\U/msa/
m/n/12 \\OML/cmm/m/it/12 A < \OT1/cmr/m/n/12 90[]$ \TU/THSarabunPSK(0)/m/it/12 
วงกลมที่มีเส้นผ่านศูนย์กลาง
 []


Overfull \hbox (29.91881pt too wide) in paragraph at lines 261--262
\TU/THSarabunPSK(0)/m/n/12 ตัดกับเส้นสัมผัสวงกลมที่$\OML/cmm/m/it/12 A$ \TU/THS
arabunPSK(0)/m/n/12 คือ $\OML/cmm/m/it/12 P[]$ \TU/THSarabunPSK(0)/m/n/12 เเล้ว
เเสดงให้ได้ว่า $\OML/cmm/m/it/12 A; D; P[]$ \TU/THSarabunPSK(0)/m/n/12 อยู่บนเส
้นตรงเดียวกันจะสรุปได้ว่า
 []


Overfull \hbox (2.25073pt too wide) in paragraph at lines 264--265
[]\TU/THSarabunPSK(0)/m/n/12 พยายามไล่ด้าน $\OMS/cmsy/m/n/12 j\OML/cmm/m/it/12 
CB\OMS/cmsy/m/n/12 j\OML/cmm/m/it/12 ; \OMS/cmsy/m/n/12 j\OML/cmm/m/it/12 BE\OM
S/cmsy/m/n/12 j\OML/cmm/m/it/12 ; \OMS/cmsy/m/n/12 j\OML/cmm/m/it/12 EF\OMS/cms
y/m/n/12 j\OML/cmm/m/it/12 ; \OMS/cmsy/m/n/12 j\OML/cmm/m/it/12 FP\OMS/cmsy/m/n
/12 j\OML/cmm/m/it/12 ; \OMS/cmsy/m/n/12 j\OML/cmm/m/it/12 DF\OMS/cmsy/m/n/12 j
$ \TU/THSarabunPSK(0)/m/n/12 เเละ $\OMS/cmsy/m/n/12 j\OML/cmm/m/it/12 CD\OMS/cm
sy/m/n/12 j$ \TU/THSarabunPSK(0)/m/n/12 ให้อยู่ในรูป $\OML/cmm/m/it/12 ^^K; ^^L
$ \TU/THSarabunPSK(0)/m/n/12 เเละ
 []


Overfull \hbox (31.4215pt too wide) in paragraph at lines 266--267
[]\TU/THSarabunPSK(0)/m/n/12 เเทนค่าด้านที่หาตอนเเรกในสูตร Menelaus เเละจัดรูปต
รีโกณให้เท่ากับ 1 ซึ่งค่อนข้างเยอะ 
 []


Package fancyhdr Warning: \headheight is too small (12.0pt): 
(fancyhdr)                Make it at least 14.49998pt, for example:
(fancyhdr)                \setlength{\headheight}{14.49998pt}.
(fancyhdr)                You might also make \topmargin smaller to compensate:

(fancyhdr)                \addtolength{\topmargin}{-2.49998pt}.

[8]
Overfull \hbox (82.12404pt too wide) in paragraph at lines 280--281
[]\TU/THSarabunPSK(0)/b/n/12 Problem 2.10. []\TU/THSarabunPSK(0)/m/it/12 ในสามเ
หลี่ยมมุมเเหลม $\OML/cmm/m/it/12 ABC$ \TU/THSarabunPSK(0)/m/it/12 ซึ่ง $\OML/cm
m/m/it/12 AB \OMS/cmsy/m/n/12 6\OT1/cmr/m/n/12 = \OML/cmm/m/it/12 AC$ \TU/THSar
abunPSK(0)/m/it/12 ให้ $\OML/cmm/m/it/12 V$ \TU/THSarabunPSK(0)/m/it/12 เป็นจุด
ที่เกิดจากจุดตัดของเส้นเเบ่งครึ่ง
 []


Overfull \hbox (76.89366pt too wide) in paragraph at lines 280--281
\U/msa/m/n/12 \\OML/cmm/m/it/12 A$ \TU/THSarabunPSK(0)/m/it/12 เเละ $\OML/cmm/m
/it/12 BC$ \TU/THSarabunPSK(0)/m/it/12 เเละให้ $\OML/cmm/m/it/12 D$ \TU/THSarab
unPSK(0)/m/it/12 เป็นจุดบน $\OML/cmm/m/it/12 BC$ \TU/THSarabunPSK(0)/m/it/12 โด
ยที่ $\OML/cmm/m/it/12 AD$ \TU/THSarabunPSK(0)/m/it/12 ตั้งฉาก $\OML/cmm/m/it/1
2 BC$ \TU/THSarabunPSK(0)/m/it/12 ถ้า $\OML/cmm/m/it/12 E$ \TU/THSarabunPSK(0)/
m/it/12 เเละ $\OML/cmm/m/it/12 F$ \TU/THSarabunPSK(0)/m/it/12 เป็นจุดตัดของวงกล
มล้อมรอบ
 []


Overfull \hbox (9.05386pt too wide) in paragraph at lines 283--284
[]\TU/THSarabunPSK(0)/m/n/12 เห็นได้ชัดว่าใช้ทฤษฎีบท Ceva โดยจัดรูปด้านที่ต้องก
ารหาให้อยู่ในรูป $\OML/cmm/m/it/12 a; b; c$
 []


Overfull \hbox (141.38382pt too wide) in paragraph at lines 289--290
[]\TU/THSarabunPSK(0)/m/n/12 เเสดงให้ได้ว่า $\OMS/cmsy/m/n/12 ^^@\OML/cmm/m/it/
12 bc [] []$ \TU/THSarabunPSK(0)/m/n/12 จริง จะจบการพิสูจน์ซึ่งค่อนข้างยากโดยจะ
เเทนค่าดังต่อไปนี้ 
 []


Package fancyhdr Warning: \headheight is too small (12.0pt): 
(fancyhdr)                Make it at least 14.49998pt, for example:
(fancyhdr)                \setlength{\headheight}{14.49998pt}.
(fancyhdr)                You might also make \topmargin smaller to compensate:

(fancyhdr)                \addtolength{\topmargin}{-2.49998pt}.

[9]
Overfull \hbox (8.96564pt too wide) in paragraph at lines 300--301
[]\TU/THSarabunPSK(0)/b/n/12 Problem 2.11. []\TU/THSarabunPSK(0)/m/it/12 ให้ $\
OML/cmm/m/it/12 O$ \TU/THSarabunPSK(0)/m/it/12 เป็นจุดภายใน $\OMS/cmsy/m/n/12 4
[]$ \TU/THSarabunPSK(0)/m/it/12 เเละ $\OML/cmm/m/it/12 D; E; F$ \TU/THSarabunPS
K(0)/m/it/12 เป็นจุดตัดของ $\OML/cmm/m/it/12 AO; BO; CO$
 []


Overfull \hbox (64.87695pt too wide) in paragraph at lines 305--306
[]\TU/THSarabunPSK(0)/m/n/12 จะได้จุด $\OML/cmm/m/it/12 D\OT1/cmr/m/n/12 (0\OML
/cmm/m/it/12 ; []\OT1/cmr/m/n/12 )\OML/cmm/m/it/12 ; E\OT1/cmr/m/n/12 ([]\OML/c
mm/m/it/12 ; []\OT1/cmr/m/n/12 )\OML/cmm/m/it/12 ; F\OT1/cmr/m/n/12 ([]\OML/cmm
/m/it/12 ; []\OT1/cmr/m/n/12 )$ 
 []


Package fancyhdr Warning: \headheight is too small (12.0pt): 
(fancyhdr)                Make it at least 14.49998pt, for example:
(fancyhdr)                \setlength{\headheight}{14.49998pt}.
(fancyhdr)                You might also make \topmargin smaller to compensate:

(fancyhdr)                \addtolength{\topmargin}{-2.49998pt}.

[10]
Overfull \hbox (25.8484pt too wide) in paragraph at lines 338--339
[]\TU/THSarabunPSK(0)/b/n/12 Problem 3.7. []\TU/THSarabunPSK(0)/m/it/12 ให้ $\O
ML/cmm/m/it/12 O$ \TU/THSarabunPSK(0)/m/it/12 เป็นวงกลมที่ล้อมรอบ $\OMS/cmsy/m/
n/12 4[]$ \TU/THSarabunPSK(0)/m/it/12 เส้นสัมผัสวงกลมที่จุด $\OML/cmm/m/it/12 A
; B; C$ \TU/THSarabunPSK(0)/m/it/12 ตัดเส้นตรง
 []


Package fancyhdr Warning: \headheight is too small (12.0pt): 
(fancyhdr)                Make it at least 14.49998pt, for example:
(fancyhdr)                \setlength{\headheight}{14.49998pt}.
(fancyhdr)                You might also make \topmargin smaller to compensate:

(fancyhdr)                \addtolength{\topmargin}{-2.49998pt}.

[11] (GeometryPOSNII.aux) ) 
Here is how much of TeX's memory you used:
 8728 strings out of 411237
 226756 string characters out of 2827004
 558756 words of memory out of 3000000
 29114 multiletter control sequences out of 15000+600000
 410866 words of font info for 80 fonts, out of 8000000 for 9000
 1348 hyphenation exceptions out of 8191
 73i,11n,81p,444b,643s stack positions out of 5000i,500n,10000p,200000b,80000s

Output written on GeometryPOSNII.pdf (11 pages).
